c:\michael\הנדסת תוכנה\שנה ג\בינה מלאכותית\פרוייקט סיום\graphics\graphics\debug\vc143.pdb
c:\michael\הנדסת תוכנה\שנה ג\בינה מלאכותית\פרוייקט סיום\graphics\graphics\debug\vc143.idb
c:\michael\הנדסת תוכנה\שנה ג\בינה מלאכותית\פרוייקט סיום\graphics\graphics\debug\team.obj
c:\michael\הנדסת תוכנה\שנה ג\בינה מלאכותית\פרוייקט סיום\graphics\graphics\debug\squire.obj
c:\michael\הנדסת תוכנה\שנה ג\בינה מלאכותית\פרוייקט סיום\graphics\graphics\debug\room.obj
c:\michael\הנדסת תוכנה\שנה ג\בינה מלאכותית\פרוייקט סיום\graphics\graphics\debug\main.obj
c:\michael\הנדסת תוכנה\שנה ג\בינה מלאכותית\פרוייקט סיום\graphics\graphics\debug\grenade.obj
c:\michael\הנדסת תוכנה\שנה ג\בינה מלאכותית\פרוייקט סיום\graphics\graphics\debug\fighter.obj
c:\michael\הנדסת תוכנה\שנה ג\בינה מלאכותית\פרוייקט סיום\graphics\graphics\debug\comparecells.obj
c:\michael\הנדסת תוכנה\שנה ג\בינה מלאכותית\פרוייקט סיום\graphics\graphics\debug\cell.obj
c:\michael\הנדסת תוכנה\שנה ג\בינה מלאכותית\פרוייקט סיום\graphics\graphics\debug\bullet.obj
c:\michael\הנדסת תוכנה\שנה ג\בינה מלאכותית\פרוייקט סיום\graphics\debug\graphics.exe
c:\michael\הנדסת תוכנה\שנה ג\בינה מלאכותית\פרוייקט סיום\graphics\debug\graphics.pdb
c:\michael\הנדסת תוכנה\שנה ג\בינה מלאכותית\פרוייקט סיום\graphics\graphics\debug\graphics.res
c:\michael\הנדסת תוכנה\שנה ג\בינה מלאכותית\פרוייקט סיום\graphics\graphics\debug\graphics.ilk
c:\michael\הנדסת תוכנה\שנה ג\בינה מלאכותית\פרוייקט סיום\graphics\graphics\debug\graphics.tlog\cl.command.1.tlog
c:\michael\הנדסת תוכנה\שנה ג\בינה מלאכותית\פרוייקט סיום\graphics\graphics\debug\graphics.tlog\cl.items.tlog
c:\michael\הנדסת תוכנה\שנה ג\בינה מלאכותית\פרוייקט סיום\graphics\graphics\debug\graphics.tlog\cl.read.1.tlog
c:\michael\הנדסת תוכנה\שנה ג\בינה מלאכותית\פרוייקט סיום\graphics\graphics\debug\graphics.tlog\cl.write.1.tlog
c:\michael\הנדסת תוכנה\שנה ג\בינה מלאכותית\פרוייקט סיום\graphics\graphics\debug\graphics.tlog\link.command.1.tlog
c:\michael\הנדסת תוכנה\שנה ג\בינה מלאכותית\פרוייקט סיום\graphics\graphics\debug\graphics.tlog\link.read.1.tlog
c:\michael\הנדסת תוכנה\שנה ג\בינה מלאכותית\פרוייקט סיום\graphics\graphics\debug\graphics.tlog\link.secondary.1.tlog
c:\michael\הנדסת תוכנה\שנה ג\בינה מלאכותית\פרוייקט סיום\graphics\graphics\debug\graphics.tlog\link.write.1.tlog
c:\michael\הנדסת תוכנה\שנה ג\בינה מלאכותית\פרוייקט סיום\graphics\graphics\debug\graphics.tlog\rc.command.1.tlog
c:\michael\הנדסת תוכנה\שנה ג\בינה מלאכותית\פרוייקט סיום\graphics\graphics\debug\graphics.tlog\rc.read.1.tlog
c:\michael\הנדסת תוכנה\שנה ג\בינה מלאכותית\פרוייקט סיום\graphics\graphics\debug\graphics.tlog\rc.write.1.tlog
