  Bullet.cpp
  Cell.cpp
  CompareCells.cpp
  Grenade.cpp
  main.cpp
C:\Michael\הנדסת תוכנה\שנה ג\בינה מלאכותית\פרוייקט סיום\Graphics\Graphics\main.cpp(227,12): warning C4244: 'argument': conversion from 'time_t' to 'unsigned int', possible loss of data
C:\Michael\הנדסת תוכנה\שנה ג\בינה מלאכותית\פרוייקט סיום\Graphics\Graphics\main.cpp(325,6): warning C4326: return type of 'main' should be 'int' instead of 'void'
  Room.cpp
  Generating Code...
main.obj : error LNK2019: unresolved external symbol __imp_glutInitWindowPosition referenced in function main
main.obj : error LNK2019: unresolved external symbol __imp_glutInitWindowSize referenced in function main
main.obj : error LNK2019: unresolved external symbol __imp_glutInitDisplayMode referenced in function main
main.obj : error LNK2019: unresolved external symbol __imp_glutMainLoop referenced in function main
main.obj : error LNK2019: unresolved external symbol __imp_glutPostRedisplay referenced in function "void __cdecl idle(void)" (?idle@@YAXXZ)
main.obj : error LNK2019: unresolved external symbol __imp_glutSwapBuffers referenced in function "void __cdecl display(void)" (?display@@YAXXZ)
main.obj : error LNK2019: unresolved external symbol __imp_glutAddMenuEntry referenced in function main
main.obj : error LNK2019: unresolved external symbol __imp_glutAttachMenu referenced in function main
main.obj : error LNK2019: unresolved external symbol __imp_glutIdleFunc referenced in function main
main.obj : error LNK2019: unresolved external symbol __imp_glutDisplayFunc referenced in function main
main.obj : error LNK2019: unresolved external symbol __imp_glutMouseFunc referenced in function main
main.obj : error LNK2019: unresolved external symbol __imp___glutInitWithExit referenced in function glutInit_ATEXIT_HACK
main.obj : error LNK2019: unresolved external symbol __imp___glutCreateWindowWithExit referenced in function glutCreateWindow_ATEXIT_HACK
main.obj : error LNK2019: unresolved external symbol __imp___glutCreateMenuWithExit referenced in function glutCreateMenu_ATEXIT_HACK
freeglut.lib : warning LNK4272: library machine type 'x86' conflicts with target machine type 'x64'
C:\Michael\הנדסת תוכנה\שנה ג\בינה מלאכותית\פרוייקט סיום\Graphics\x64\Debug\Graphics.exe : fatal error LNK1120: 14 unresolved externals
